<?xml version="1.0" encoding="UTF-8"?>
<testng-results skipped="0" failed="0" total="1" passed="1">
  <reporter-output>
  </reporter-output>
  <suite name="Default suite" duration-ms="12773" started-at="2016-12-24T21:13:11Z" finished-at="2016-12-24T21:13:24Z">
    <groups>
    </groups>
    <test name="Default test" duration-ms="12773" started-at="2016-12-24T21:13:11Z" finished-at="2016-12-24T21:13:24Z">
      <class name="jenkins.jenkins.Jenkinclass">
        <test-method status="PASS" signature="test1()[pri:0, instance:jenkins.jenkins.Jenkinclass@6f1fba17]" name="test1" duration-ms="12677" started-at="2016-12-24T13:13:11Z" finished-at="2016-12-24T13:13:24Z">
          <reporter-output>
          </reporter-output>
        </test-method> <!-- test1 -->
      </class> <!-- jenkins.jenkins.Jenkinclass -->
    </test> <!-- Default test -->
  </suite> <!-- Default suite -->
</testng-results>
